D:\BSV\TEST\PLOTTICKWIDGET\PLOTTICKWIDGET\DEBUG\ABSTACTPLOTTER.OBJ
D:\BSV\TEST\PLOTTICKWIDGET\PLOTTICKWIDGET\DEBUG\BASE_CMD.OBJ
D:\BSV\TEST\PLOTTICKWIDGET\PLOTTICKWIDGET\DEBUG\BASE_DEV_CMD.OBJ
D:\BSV\TEST\PLOTTICKWIDGET\PLOTTICKWIDGET\DEBUG\C_OBJ_CMD.OBJ
D:\BSV\TEST\PLOTTICKWIDGET\PLOTTICKWIDGET\DEBUG\CHANINDICWIDGET.OBJ
D:\BSV\TEST\PLOTTICKWIDGET\PLOTTICKWIDGET\DEBUG\CHANLABEL.OBJ
D:\BSV\TEST\PLOTTICKWIDGET\PLOTTICKWIDGET\DEBUG\CHECKBOXSEL.OBJ
D:\BSV\Test\PlotTickWidget\PlotTickWidget\Debug\cl.command.1.tlog
D:\BSV\Test\PlotTickWidget\PlotTickWidget\Debug\CL.read.1.tlog
D:\BSV\Test\PlotTickWidget\PlotTickWidget\Debug\CL.write.1.tlog
D:\BSV\TEST\PLOTTICKWIDGET\PLOTTICKWIDGET\DEBUG\COMBOBOXSEL.OBJ
D:\BSV\TEST\PLOTTICKWIDGET\PLOTTICKWIDGET\DEBUG\CONNSTATUSINDICATOR.OBJ
D:\BSV\Test\PlotTickWidget\PlotTickWidget\Debug\custombuild.command.1.tlog
D:\BSV\Test\PlotTickWidget\PlotTickWidget\Debug\custombuild.read.1.tlog
D:\BSV\Test\PlotTickWidget\PlotTickWidget\Debug\custombuild.write.1.tlog
D:\BSV\TEST\PLOTTICKWIDGET\PLOTTICKWIDGET\DEBUG\DATASERIALIZER.OBJ
D:\BSV\TEST\PLOTTICKWIDGET\PLOTTICKWIDGET\DEBUG\DATASTRUCTCREATOR.OBJ
D:\BSV\TEST\PLOTTICKWIDGET\PLOTTICKWIDGET\DEBUG\DEFECTWIDGET.OBJ
D:\BSV\TEST\PLOTTICKWIDGET\PLOTTICKWIDGET\DEBUG\DEV_CMD.OBJ
D:\BSV\TEST\PLOTTICKWIDGET\PLOTTICKWIDGET\DEBUG\DEVICECMDOBJECT.OBJ
D:\BSV\TEST\PLOTTICKWIDGET\PLOTTICKWIDGET\DEBUG\DEVICEDATA.OBJ
D:\BSV\TEST\PLOTTICKWIDGET\PLOTTICKWIDGET\DEBUG\DEVICESETTINGS.OBJ
D:\BSV\TEST\PLOTTICKWIDGET\PLOTTICKWIDGET\DEBUG\ELEMENT_INFO.OBJ
D:\BSV\TEST\PLOTTICKWIDGET\PLOTTICKWIDGET\DEBUG\ELEMENTFACTORY.OBJ
D:\BSV\TEST\PLOTTICKWIDGET\PLOTTICKWIDGET\DEBUG\FCS16.OBJ
D:\BSV\TEST\PLOTTICKWIDGET\PLOTTICKWIDGET\DEBUG\GRIDITEM.OBJ
D:\BSV\TEST\PLOTTICKWIDGET\PLOTTICKWIDGET\DEBUG\LINEEDITRETURN.OBJ
D:\BSV\Test\PlotTickWidget\PlotTickWidget\Debug\link.command.1.tlog
D:\BSV\Test\PlotTickWidget\PlotTickWidget\Debug\link.read.1.tlog
D:\BSV\Test\PlotTickWidget\PlotTickWidget\Debug\link.write.1.tlog
D:\BSV\TEST\PLOTTICKWIDGET\PLOTTICKWIDGET\DEBUG\MAIN.OBJ
D:\BSV\TEST\PLOTTICKWIDGET\PLOTTICKWIDGET\DEBUG\MAINMENU.OBJ
D:\BSV\TEST\PLOTTICKWIDGET\PLOTTICKWIDGET\DEBUG\MOC_BASE_CMD.OBJ
D:\BSV\TEST\PLOTTICKWIDGET\PLOTTICKWIDGET\DEBUG\MOC_BASE_DEV_CMD.OBJ
D:\BSV\TEST\PLOTTICKWIDGET\PLOTTICKWIDGET\DEBUG\MOC_C_OBJ_CMD.OBJ
D:\BSV\TEST\PLOTTICKWIDGET\PLOTTICKWIDGET\DEBUG\MOC_CHANINDICWIDGET.OBJ
D:\BSV\TEST\PLOTTICKWIDGET\PLOTTICKWIDGET\DEBUG\MOC_CHANLABEL.OBJ
D:\BSV\TEST\PLOTTICKWIDGET\PLOTTICKWIDGET\DEBUG\MOC_CHECKBOXSEL.OBJ
D:\BSV\TEST\PLOTTICKWIDGET\PLOTTICKWIDGET\DEBUG\MOC_COMBOBOXSEL.OBJ
D:\BSV\TEST\PLOTTICKWIDGET\PLOTTICKWIDGET\DEBUG\MOC_DEFECTWIDGET.OBJ
D:\BSV\TEST\PLOTTICKWIDGET\PLOTTICKWIDGET\DEBUG\MOC_DEVICECMDOBJECT.OBJ
D:\BSV\TEST\PLOTTICKWIDGET\PLOTTICKWIDGET\DEBUG\MOC_DEVICEDATA.OBJ
D:\BSV\TEST\PLOTTICKWIDGET\PLOTTICKWIDGET\DEBUG\MOC_DEVICESETTINGS.OBJ
D:\BSV\TEST\PLOTTICKWIDGET\PLOTTICKWIDGET\DEBUG\MOC_ELEMENT_INFO.OBJ
D:\BSV\TEST\PLOTTICKWIDGET\PLOTTICKWIDGET\DEBUG\MOC_ELEMENTFACTORY.OBJ
D:\BSV\TEST\PLOTTICKWIDGET\PLOTTICKWIDGET\DEBUG\MOC_GRIDITEM.OBJ
D:\BSV\TEST\PLOTTICKWIDGET\PLOTTICKWIDGET\DEBUG\MOC_LINEEDITRETURN.OBJ
D:\BSV\TEST\PLOTTICKWIDGET\PLOTTICKWIDGET\DEBUG\MOC_MAINMENU.OBJ
D:\BSV\TEST\PLOTTICKWIDGET\PLOTTICKWIDGET\DEBUG\MOC_OSCILLOGRAMPLOTTERSETTER.OBJ
D:\BSV\TEST\PLOTTICKWIDGET\PLOTTICKWIDGET\DEBUG\MOC_OSCILLOGRAMWIDGET.OBJ
D:\BSV\TEST\PLOTTICKWIDGET\PLOTTICKWIDGET\DEBUG\MOC_OSCPLOTTERSCENE.OBJ
D:\BSV\TEST\PLOTTICKWIDGET\PLOTTICKWIDGET\DEBUG\MOC_OSCPLOTTERVIEW.OBJ
D:\BSV\TEST\PLOTTICKWIDGET\PLOTTICKWIDGET\DEBUG\MOC_PARAMEDITTOOLBOX.OBJ
D:\BSV\TEST\PLOTTICKWIDGET\PLOTTICKWIDGET\DEBUG\MOC_PARAMENDRLINEEDIT.OBJ
D:\BSV\TEST\PLOTTICKWIDGET\PLOTTICKWIDGET\DEBUG\MOC_PARAMENDRLINEEDITSEL.OBJ
D:\BSV\TEST\PLOTTICKWIDGET\PLOTTICKWIDGET\DEBUG\MOC_PARAMLINEEDIT.OBJ
D:\BSV\TEST\PLOTTICKWIDGET\PLOTTICKWIDGET\DEBUG\MOC_PARAMLINEEDITSEL.OBJ
D:\BSV\TEST\PLOTTICKWIDGET\PLOTTICKWIDGET\DEBUG\MOC_PLOTCOORDWIDGET.OBJ
D:\BSV\TEST\PLOTTICKWIDGET\PLOTTICKWIDGET\DEBUG\MOC_PLOTMNEMOWIDGET.OBJ
D:\BSV\TEST\PLOTTICKWIDGET\PLOTTICKWIDGET\DEBUG\MOC_PLOTROWWIDGET.OBJ
D:\BSV\TEST\PLOTTICKWIDGET\PLOTTICKWIDGET\DEBUG\MOC_PLOTTERSWIDGET.OBJ
D:\BSV\TEST\PLOTTICKWIDGET\PLOTTICKWIDGET\DEBUG\MOC_PLOTTICKWIDGET.OBJ
D:\BSV\TEST\PLOTTICKWIDGET\PLOTTICKWIDGET\DEBUG\MOC_PUSHBUTTONSEL.OBJ
D:\BSV\TEST\PLOTTICKWIDGET\PLOTTICKWIDGET\DEBUG\MOC_RENDERTHREAD.OBJ
D:\BSV\TEST\PLOTTICKWIDGET\PLOTTICKWIDGET\DEBUG\MOC_RENDERWIDGET.OBJ
D:\BSV\TEST\PLOTTICKWIDGET\PLOTTICKWIDGET\DEBUG\MOC_STROBITEM.OBJ
D:\BSV\TEST\PLOTTICKWIDGET\PLOTTICKWIDGET\DEBUG\MOC_THICKELEMENT.OBJ
D:\BSV\TEST\PLOTTICKWIDGET\PLOTTICKWIDGET\DEBUG\MOC_THICKLAMINWIDGET.OBJ
D:\BSV\TEST\PLOTTICKWIDGET\PLOTTICKWIDGET\DEBUG\MOC_THICKWIDGET.OBJ
D:\BSV\TEST\PLOTTICKWIDGET\PLOTTICKWIDGET\DEBUG\MOC_TUNE_THR.OBJ
D:\BSV\TEST\PLOTTICKWIDGET\PLOTTICKWIDGET\DEBUG\MOC_UDP_CMD.OBJ
D:\BSV\Test\PlotTickWidget\PlotTickWidget\Debug\mt.command.1.tlog
D:\BSV\Test\PlotTickWidget\PlotTickWidget\Debug\mt.read.1.tlog
D:\BSV\Test\PlotTickWidget\PlotTickWidget\Debug\mt.write.1.tlog
D:\BSV\TEST\PLOTTICKWIDGET\PLOTTICKWIDGET\DEBUG\OSCILLOGRAMPLOTTERSETTER.OBJ
D:\BSV\TEST\PLOTTICKWIDGET\PLOTTICKWIDGET\DEBUG\OSCILLOGRAMPROPERTIES.OBJ
D:\BSV\TEST\PLOTTICKWIDGET\PLOTTICKWIDGET\DEBUG\OSCILLOGRAMWIDGET.OBJ
D:\BSV\TEST\PLOTTICKWIDGET\PLOTTICKWIDGET\DEBUG\OSCPLOTTERSCENE.OBJ
D:\BSV\TEST\PLOTTICKWIDGET\PLOTTICKWIDGET\DEBUG\OSCPLOTTERVIEW.OBJ
D:\BSV\TEST\PLOTTICKWIDGET\PLOTTICKWIDGET\DEBUG\PARAMEDITTOOLBOX.OBJ
D:\BSV\TEST\PLOTTICKWIDGET\PLOTTICKWIDGET\DEBUG\PARAMENDRLINEEDIT.OBJ
D:\BSV\TEST\PLOTTICKWIDGET\PLOTTICKWIDGET\DEBUG\PARAMENDRLINEEDITSEL.OBJ
D:\BSV\TEST\PLOTTICKWIDGET\PLOTTICKWIDGET\DEBUG\PARAMLINEEDIT.OBJ
D:\BSV\TEST\PLOTTICKWIDGET\PLOTTICKWIDGET\DEBUG\PARAMLINEEDITSEL.OBJ
D:\BSV\TEST\PLOTTICKWIDGET\PLOTTICKWIDGET\DEBUG\PLOTCOORDWIDGET.OBJ
D:\BSV\TEST\PLOTTICKWIDGET\PLOTTICKWIDGET\DEBUG\PLOTMNEMOWIDGET.OBJ
D:\BSV\TEST\PLOTTICKWIDGET\PLOTTICKWIDGET\DEBUG\PLOTROWWIDGET.OBJ
D:\BSV\TEST\PLOTTICKWIDGET\PLOTTICKWIDGET\DEBUG\PLOTTERSWIDGET.OBJ
D:\BSV\TEST\PLOTTICKWIDGET\PLOTTICKWIDGET\DEBUG\PLOTTERWIDGET.OBJ
D:\BSV\TEST\PLOTTICKWIDGET\PLOTTICKWIDGET\DEBUG\PLOTTICKWIDGET.EXE.INTERMEDIATE.MANIFEST
D:\BSV\TEST\PLOTTICKWIDGET\PLOTTICKWIDGET\DEBUG\PLOTTICKWIDGET.OBJ
D:\BSV\Test\PlotTickWidget\PlotTickWidget\Debug\PlotTickWidget.vcxprojResolveAssemblyReference.cache
D:\BSV\Test\PlotTickWidget\PlotTickWidget\Debug\PlotTickWidget.write.1.tlog
D:\BSV\TEST\PLOTTICKWIDGET\PLOTTICKWIDGET\DEBUG\POSITIONTESTERPLOTTER.OBJ
D:\BSV\TEST\PLOTTICKWIDGET\PLOTTICKWIDGET\DEBUG\PUSHBUTTONSEL.OBJ
D:\BSV\TEST\PLOTTICKWIDGET\PLOTTICKWIDGET\DEBUG\QRC_PLOTTICKWIDGET.OBJ
D:\BSV\TEST\PLOTTICKWIDGET\PLOTTICKWIDGET\DEBUG\RENDERTHREAD.OBJ
D:\BSV\TEST\PLOTTICKWIDGET\PLOTTICKWIDGET\DEBUG\RENDERWIDGET.OBJ
D:\BSV\TEST\PLOTTICKWIDGET\PLOTTICKWIDGET\DEBUG\STROBITEM.OBJ
D:\BSV\TEST\PLOTTICKWIDGET\PLOTTICKWIDGET\DEBUG\THICKELEMENT.OBJ
D:\BSV\TEST\PLOTTICKWIDGET\PLOTTICKWIDGET\DEBUG\THICKLAMINWIDGET.OBJ
D:\BSV\TEST\PLOTTICKWIDGET\PLOTTICKWIDGET\DEBUG\THICKWIDGET.OBJ
D:\BSV\TEST\PLOTTICKWIDGET\PLOTTICKWIDGET\DEBUG\TUNE_THR.OBJ
D:\BSV\TEST\PLOTTICKWIDGET\PLOTTICKWIDGET\DEBUG\UDP_CMD.OBJ
D:\BSV\TEST\PLOTTICKWIDGET\PLOTTICKWIDGET\DEBUG\VC100.PDB
D:\BSV\TEST\PLOTTICKWIDGET\PLOTTICKWIDGET\DEBUG\WIDGETSELECTOR.OBJ
D:\BSV\TEST\PLOTTICKWIDGET\PLOTTICKWIDGET\DEBUG\WIDGETSHELL.OBJ
D:\BSV\TEST\PLOTTICKWIDGET\PLOTTICKWIDGET\DEBUG\WIDGETWITHMOUSEPROC.OBJ
D:\BSV\TEST\PLOTTICKWIDGET\PLOTTICKWIDGET\GENERATEDFILES\DEBUG\MOC_BASE_CMD.CPP
D:\BSV\TEST\PLOTTICKWIDGET\PLOTTICKWIDGET\GENERATEDFILES\DEBUG\MOC_BASE_DEV_CMD.CPP
D:\BSV\TEST\PLOTTICKWIDGET\PLOTTICKWIDGET\GENERATEDFILES\DEBUG\MOC_C_OBJ_CMD.CPP
D:\BSV\TEST\PLOTTICKWIDGET\PLOTTICKWIDGET\GENERATEDFILES\DEBUG\MOC_CHANINDICWIDGET.CPP
D:\BSV\TEST\PLOTTICKWIDGET\PLOTTICKWIDGET\GENERATEDFILES\DEBUG\MOC_CHANLABEL.CPP
D:\BSV\TEST\PLOTTICKWIDGET\PLOTTICKWIDGET\GENERATEDFILES\DEBUG\MOC_CHECKBOXSEL.CPP
D:\BSV\TEST\PLOTTICKWIDGET\PLOTTICKWIDGET\GENERATEDFILES\DEBUG\MOC_COMBOBOXSEL.CPP
D:\BSV\TEST\PLOTTICKWIDGET\PLOTTICKWIDGET\GENERATEDFILES\DEBUG\MOC_DEFECTWIDGET.CPP
D:\BSV\TEST\PLOTTICKWIDGET\PLOTTICKWIDGET\GENERATEDFILES\DEBUG\MOC_DEVICECMDOBJECT.CPP
D:\BSV\TEST\PLOTTICKWIDGET\PLOTTICKWIDGET\GENERATEDFILES\DEBUG\MOC_DEVICEDATA.CPP
D:\BSV\TEST\PLOTTICKWIDGET\PLOTTICKWIDGET\GENERATEDFILES\DEBUG\MOC_DEVICESETTINGS.CPP
D:\BSV\TEST\PLOTTICKWIDGET\PLOTTICKWIDGET\GENERATEDFILES\DEBUG\MOC_ELEMENT_INFO.CPP
D:\BSV\TEST\PLOTTICKWIDGET\PLOTTICKWIDGET\GENERATEDFILES\DEBUG\MOC_ELEMENTFACTORY.CPP
D:\BSV\TEST\PLOTTICKWIDGET\PLOTTICKWIDGET\GENERATEDFILES\DEBUG\MOC_GRIDITEM.CPP
D:\BSV\TEST\PLOTTICKWIDGET\PLOTTICKWIDGET\GENERATEDFILES\DEBUG\MOC_LINEEDITRETURN.CPP
D:\BSV\TEST\PLOTTICKWIDGET\PLOTTICKWIDGET\GENERATEDFILES\DEBUG\MOC_MAINMENU.CPP
D:\BSV\TEST\PLOTTICKWIDGET\PLOTTICKWIDGET\GENERATEDFILES\DEBUG\MOC_OSCILLOGRAMPLOTTERSETTER.CPP
D:\BSV\TEST\PLOTTICKWIDGET\PLOTTICKWIDGET\GENERATEDFILES\DEBUG\MOC_OSCILLOGRAMWIDGET.CPP
D:\BSV\TEST\PLOTTICKWIDGET\PLOTTICKWIDGET\GENERATEDFILES\DEBUG\MOC_OSCPLOTTERSCENE.CPP
D:\BSV\TEST\PLOTTICKWIDGET\PLOTTICKWIDGET\GENERATEDFILES\DEBUG\MOC_OSCPLOTTERVIEW.CPP
D:\BSV\TEST\PLOTTICKWIDGET\PLOTTICKWIDGET\GENERATEDFILES\DEBUG\MOC_PARAMEDITTOOLBOX.CPP
D:\BSV\TEST\PLOTTICKWIDGET\PLOTTICKWIDGET\GENERATEDFILES\DEBUG\MOC_PARAMENDRLINEEDIT.CPP
D:\BSV\TEST\PLOTTICKWIDGET\PLOTTICKWIDGET\GENERATEDFILES\DEBUG\MOC_PARAMENDRLINEEDITSEL.CPP
D:\BSV\TEST\PLOTTICKWIDGET\PLOTTICKWIDGET\GENERATEDFILES\DEBUG\MOC_PARAMLINEEDIT.CPP
D:\BSV\TEST\PLOTTICKWIDGET\PLOTTICKWIDGET\GENERATEDFILES\DEBUG\MOC_PARAMLINEEDITSEL.CPP
D:\BSV\TEST\PLOTTICKWIDGET\PLOTTICKWIDGET\GENERATEDFILES\DEBUG\MOC_PLOTCOORDWIDGET.CPP
D:\BSV\TEST\PLOTTICKWIDGET\PLOTTICKWIDGET\GENERATEDFILES\DEBUG\MOC_PLOTMNEMOWIDGET.CPP
D:\BSV\TEST\PLOTTICKWIDGET\PLOTTICKWIDGET\GENERATEDFILES\DEBUG\MOC_PLOTROWWIDGET.CPP
D:\BSV\TEST\PLOTTICKWIDGET\PLOTTICKWIDGET\GENERATEDFILES\DEBUG\MOC_PLOTTERSWIDGET.CPP
D:\BSV\TEST\PLOTTICKWIDGET\PLOTTICKWIDGET\GENERATEDFILES\DEBUG\MOC_PLOTTICKWIDGET.CPP
D:\BSV\TEST\PLOTTICKWIDGET\PLOTTICKWIDGET\GENERATEDFILES\DEBUG\MOC_PUSHBUTTONSEL.CPP
D:\BSV\TEST\PLOTTICKWIDGET\PLOTTICKWIDGET\GENERATEDFILES\DEBUG\MOC_RENDERTHREAD.CPP
D:\BSV\TEST\PLOTTICKWIDGET\PLOTTICKWIDGET\GENERATEDFILES\DEBUG\MOC_RENDERWIDGET.CPP
D:\BSV\TEST\PLOTTICKWIDGET\PLOTTICKWIDGET\GENERATEDFILES\DEBUG\MOC_STROBITEM.CPP
D:\BSV\TEST\PLOTTICKWIDGET\PLOTTICKWIDGET\GENERATEDFILES\DEBUG\MOC_THICKELEMENT.CPP
D:\BSV\TEST\PLOTTICKWIDGET\PLOTTICKWIDGET\GENERATEDFILES\DEBUG\MOC_THICKLAMINWIDGET.CPP
D:\BSV\TEST\PLOTTICKWIDGET\PLOTTICKWIDGET\GENERATEDFILES\DEBUG\MOC_THICKWIDGET.CPP
D:\BSV\TEST\PLOTTICKWIDGET\PLOTTICKWIDGET\GENERATEDFILES\DEBUG\MOC_TUNE_THR.CPP
D:\BSV\TEST\PLOTTICKWIDGET\PLOTTICKWIDGET\GENERATEDFILES\DEBUG\MOC_UDP_CMD.CPP
D:\BSV\TEST\PLOTTICKWIDGET\PLOTTICKWIDGET\GENERATEDFILES\QRC_PLOTTICKWIDGET.CPP
D:\BSV\TEST\PLOTTICKWIDGET\PLOTTICKWIDGET\GENERATEDFILES\UI_CHANNELINDICATOR.H
D:\BSV\TEST\PLOTTICKWIDGET\PLOTTICKWIDGET\GENERATEDFILES\UI_DIAL_LOAD_SAVE_PAR.H
D:\BSV\TEST\PLOTTICKWIDGET\PLOTTICKWIDGET\GENERATEDFILES\UI_PARAMEDITTOOLBAR.H
D:\BSV\TEST\PLOTTICKWIDGET\PLOTTICKWIDGET\GENERATEDFILES\UI_PLOTTICKWIDGET.H
D:\BSV\TEST\PLOTTICKWIDGET\WIN32\DEBUG\PLOTTICKWIDGET.EXE
D:\BSV\TEST\PLOTTICKWIDGET\WIN32\DEBUG\PLOTTICKWIDGET.ILK
D:\BSV\TEST\PLOTTICKWIDGET\WIN32\DEBUG\PLOTTICKWIDGET.PDB
